<?xml version="1.0" encoding="UTF-8"?>
<!-- Generated by org.testng.reporters.JUnitReportReporter -->
<testsuite skipped="0" hostname="DESKTOP-FFG0BLJ" name="test.AddCustomerTest" tests="2" failures="0" timestamp="2022-02-08T17:49:35 CST" time="31.821" errors="0">
  <testcase name="ValidUserShouldBeAbleToLoginPage" time="14.124" classname="test.AddCustomerTest"/>
  <system-out/>
  <testcase name="ValidUserShouldBeAbleToUseSearchBarLocator" time="17.697" classname="test.AddCustomerTest"/>
  <system-out/>
</testsuite> <!-- test.AddCustomerTest -->
