<?xml version="1.0" encoding="UTF-8"?>
<!-- Generated by org.testng.reporters.JUnitReportReporter -->
<testsuite skipped="0" hostname="DESKTOP-FFG0BLJ" name="test.LoginTest" tests="1" failures="0" timestamp="2022-02-08T17:49:35 CST" time="5.923" errors="0">
  <testcase name="ValidUserShouldBeAbleToLoginPage" time="5.923" classname="test.LoginTest"/>
  <system-out/>
</testsuite> <!-- test.LoginTest -->
